Cleaning...
Calculating task graph as configuration cache cannot be reused because file 'app/build.gradle.kts' has changed.

> Configure project :app
WARNING: The option setting 'android.disallowKotlinSourceSets=false' is experimental.
The current default is 'true'.

> Task :app:clean

BUILD SUCCESSFUL in 4s
1 actionable task: 1 executed
Configuration cache entry stored.
Building User App (com.nova.wallpaper)...
Calculating task graph as configuration cache cannot be reused because file 'app/build.gradle.kts' has changed.

> Configure project :app
WARNING: The option setting 'android.disallowKotlinSourceSets=false' is experimental.
The current default is 'true'.

> Task :app:generateDebugAssets UP-TO-DATE
> Task :app:preBuild UP-TO-DATE
> Task :app:preDebugBuild UP-TO-DATE
> Task :app:mergeDebugNativeDebugMetadata NO-SOURCE
> Task :app:generateDebugResources FROM-CACHE
> Task :app:generateDebugBuildConfig FROM-CACHE
> Task :app:processDebugGoogleServices FROM-CACHE
> Task :app:javaPreCompileDebug FROM-CACHE
> Task :app:packageDebugResources FROM-CACHE
> Task :app:desugarDebugFileDependencies FROM-CACHE
> Task :app:checkDebugDuplicateClasses
> Task :app:mergeDebugAssets
> Task :app:compressDebugAssets FROM-CACHE
> Task :app:mergeLibDexDebug FROM-CACHE
> Task :app:checkDebugAarMetadata
> Task :app:mapDebugSourceSetPaths
> Task :app:createDebugCompatibleScreenManifests
> Task :app:extractDeepLinksDebug FROM-CACHE
> Task :app:processDebugNavigationResources FROM-CACHE
> Task :app:parseDebugLocalResources FROM-CACHE
> Task :app:generateDebugRFile FROM-CACHE
> Task :app:mergeDebugResources FROM-CACHE
> Task :app:compileDebugNavigationResources FROM-CACHE
> Task :app:mergeDebugJniLibFolders
> Task :app:kspDebugKotlin FROM-CACHE
> Task :app:mergeDebugNativeLibs

> Task :app:stripDebugDebugSymbols
Unable to strip the following libraries, packaging them as they are: libandroidx.graphics.path.so, libdatastore_shared_counter.so. Run with --info option to learn more.

> Task :app:validateSigningDebug
> Task :app:writeDebugAppMetadata
> Task :app:writeDebugSigningConfigVersions
> Task :app:compileDebugKotlin FROM-CACHE
> Task :app:compileDebugJavaWithJavac FROM-CACHE
> Task :app:processDebugJavaRes
> Task :app:mergeExtDexDebug FROM-CACHE
> Task :app:processDebugMainManifest
> Task :app:processDebugManifest
> Task :app:processDebugManifestForPackage
> Task :app:processDebugResources
> Task :app:dexBuilderDebug FROM-CACHE
> Task :app:mergeProjectDexDebug FROM-CACHE
> Task :app:mergeDebugJavaResource
> Task :app:packageDebug
> Task :app:assembleDebug
> Task :app:createDebugApkListingFileRedirect

BUILD SUCCESSFUL in 8s
39 actionable tasks: 19 executed, 20 from cache
Configuration cache entry stored.
Copying User APK...
Setting up Admin App...
Cleaning before Admin build...
Calculating task graph as configuration cache cannot be reused because file 'app/build.gradle.kts' has changed.

> Configure project :app
WARNING: The option setting 'android.disallowKotlinSourceSets=false' is experimental.
The current default is 'true'.

> Task :app:clean

BUILD SUCCESSFUL in 3s
1 actionable task: 1 executed
Configuration cache entry stored.
Building Admin App (com.nova.admin)...
Calculating task graph as configuration cache cannot be reused because file 'app/build.gradle.kts' has changed.

> Configure project :app
WARNING: The option setting 'android.disallowKotlinSourceSets=false' is experimental.
The current default is 'true'.

> Task :app:preBuild UP-TO-DATE
> Task :app:generateDebugAssets UP-TO-DATE
> Task :app:preDebugBuild UP-TO-DATE
> Task :app:mergeDebugNativeDebugMetadata NO-SOURCE
> Task :app:generateDebugResources FROM-CACHE
> Task :app:generateDebugBuildConfig FROM-CACHE
> Task :app:processDebugGoogleServices
> Task :app:javaPreCompileDebug FROM-CACHE
> Task :app:packageDebugResources FROM-CACHE
> Task :app:desugarDebugFileDependencies FROM-CACHE
> Task :app:checkDebugDuplicateClasses
> Task :app:mergeDebugAssets
> Task :app:compressDebugAssets FROM-CACHE
> Task :app:checkDebugAarMetadata
> Task :app:mapDebugSourceSetPaths
> Task :app:mergeLibDexDebug FROM-CACHE
> Task :app:createDebugCompatibleScreenManifests
> Task :app:extractDeepLinksDebug FROM-CACHE
> Task :app:processDebugNavigationResources FROM-CACHE
> Task :app:parseDebugLocalResources FROM-CACHE
> Task :app:generateDebugRFile FROM-CACHE
> Task :app:mergeDebugResources FROM-CACHE
> Task :app:mergeExtDexDebug FROM-CACHE
> Task :app:processDebugMainManifest
> Task :app:compileDebugNavigationResources FROM-CACHE
> Task :app:validateSigningDebug
> Task :app:writeDebugAppMetadata
> Task :app:processDebugManifest
> Task :app:mergeDebugJniLibFolders
> Task :app:writeDebugSigningConfigVersions
> Task :app:processDebugManifestForPackage
> Task :app:mergeDebugNativeLibs

> Task :app:stripDebugDebugSymbols
Unable to strip the following libraries, packaging them as they are: libandroidx.graphics.path.so, libdatastore_shared_counter.so. Run with --info option to learn more.

> Task :app:processDebugResources
> Task :app:kspDebugKotlin
> Task :app:compileDebugKotlin FROM-CACHE
> Task :app:processDebugJavaRes
> Task :app:compileDebugJavaWithJavac FROM-CACHE
> Task :app:dexBuilderDebug FROM-CACHE
> Task :app:mergeProjectDexDebug FROM-CACHE
> Task :app:mergeDebugJavaResource
> Task :app:packageDebug
> Task :app:assembleDebug
> Task :app:createDebugApkListingFileRedirect

BUILD SUCCESSFUL in 17s
39 actionable tasks: 21 executed, 18 from cache
Configuration cache entry stored.
Copying Admin APK...
Restoring backups...
Done building both APKs!
